<?xml version="1.0" encoding="UTF-8"?>
<testng-results skipped="0" failed="0" ignored="0" total="1" passed="1">
  <reporter-output>
  </reporter-output>
  <suite name="Suite1" duration-ms="3509" started-at="2017-03-20T12:43:54Z" finished-at="2017-03-20T12:43:58Z">
    <groups>
    </groups>
    <test name="test1" duration-ms="3509" started-at="2017-03-20T12:43:54Z" finished-at="2017-03-20T12:43:58Z">
      <class name="com.testSelenium.NewTest">
        <test-method status="PASS" signature="testMethod()[pri:0, instance:com.testSelenium.NewTest@4439f31e]" name="testMethod" duration-ms="3495" started-at="2017-03-20T18:13:54Z" finished-at="2017-03-20T18:13:58Z">
          <reporter-output>
          </reporter-output>
        </test-method> <!-- testMethod -->
      </class> <!-- com.testSelenium.NewTest -->
    </test> <!-- test1 -->
  </suite> <!-- Suite1 -->
</testng-results>
